2023-07-03 04:50:42.474 INFO  (main) [   ] o.e.j.s.Server jetty-9.3.14.v20161028
2023-07-03 04:50:42.776 INFO  (main) [   ] o.a.s.s.SolrDispatchFilter  ___      _       Welcome to Apache Solr™ version 6.6.6
2023-07-03 04:50:42.776 INFO  (main) [   ] o.a.s.s.SolrDispatchFilter / __| ___| |_ _   Starting in standalone mode on port 8983
2023-07-03 04:50:42.776 INFO  (main) [   ] o.a.s.s.SolrDispatchFilter \__ \/ _ \ | '_|  Install dir: D:\Documents\Data_Science\MDS_CL\capstone_project\bcdc-search-improvement-capstone\solr
2023-07-03 04:50:42.776 INFO  (main) [   ] o.a.s.s.SolrDispatchFilter |___/\___/_|_|    Start time: 2023-07-03T04:50:42.776Z
2023-07-03 04:50:42.776 INFO  (main) [   ] o.a.s.s.StartupLoggingUtils Property solr.log.muteconsole given. Muting ConsoleAppender named CONSOLE
2023-07-03 04:50:42.793 INFO  (main) [   ] o.a.s.c.SolrResourceLoader Using system property solr.solr.home: D:\Documents\Data_Science\MDS_CL\capstone_project\bcdc-search-improvement-capstone\solr\server\solr
2023-07-03 04:50:42.793 INFO  (main) [   ] o.a.s.c.SolrXmlConfig Loading container configuration from D:\Documents\Data_Science\MDS_CL\capstone_project\bcdc-search-improvement-capstone\solr\server\solr\solr.xml
2023-07-03 04:50:42.871 INFO  (main) [   ] o.a.s.h.c.HttpShardHandlerFactory Host whitelist initialized: WhitelistHostChecker [whitelistHosts=null, whitelistHostCheckingEnabled=true]
2023-07-03 04:50:43.205 INFO  (main) [   ] o.a.s.u.UpdateShardHandler Creating UpdateShardHandler HTTP client with params: socketTimeout=600000&connTimeout=60000&retry=true
2023-07-03 04:50:43.292 INFO  (main) [   ] o.a.s.c.CorePropertiesLocator Found 2 core definitions underneath D:\Documents\Data_Science\MDS_CL\capstone_project\bcdc-search-improvement-capstone\solr\server\solr
2023-07-03 04:50:43.300 INFO  (main) [   ] o.a.s.c.CorePropertiesLocator Cores are: [bc-data_7-cols_multi-qa-mpnet-base-dot-v1, bc_data_v1]
2023-07-03 04:50:43.300 INFO  (coreLoadExecutor-6-thread-1) [   ] o.a.s.c.TransientSolrCoreCacheDefault Allocating transient cache for 2147483647 transient cores
2023-07-03 04:50:43.331 WARN  (coreLoadExecutor-6-thread-1) [   x:bc-data_7-cols_multi-qa-mpnet-base-dot-v1] o.a.s.c.SolrConfig Couldn't add files from D:\Documents\Data_Science\MDS_CL\capstone_project\bcdc-search-improvement-capstone\solr\contrib\extraction\lib filtered by .*\.jar to classpath: D:\Documents\Data_Science\MDS_CL\capstone_project\bcdc-search-improvement-capstone\solr\contrib\extraction\lib
2023-07-03 04:50:43.331 WARN  (coreLoadExecutor-6-thread-2) [   x:bc_data_v1] o.a.s.c.SolrConfig Couldn't add files from D:\Documents\Data_Science\MDS_CL\capstone_project\bcdc-search-improvement-capstone\solr\contrib\extraction\lib filtered by .*\.jar to classpath: D:\Documents\Data_Science\MDS_CL\capstone_project\bcdc-search-improvement-capstone\solr\contrib\extraction\lib
2023-07-03 04:50:43.331 WARN  (coreLoadExecutor-6-thread-1) [   x:bc-data_7-cols_multi-qa-mpnet-base-dot-v1] o.a.s.c.SolrConfig Couldn't add files from D:\Documents\Data_Science\MDS_CL\capstone_project\bcdc-search-improvement-capstone\solr\contrib\clustering\lib filtered by .*\.jar to classpath: D:\Documents\Data_Science\MDS_CL\capstone_project\bcdc-search-improvement-capstone\solr\contrib\clustering\lib
2023-07-03 04:50:43.346 WARN  (coreLoadExecutor-6-thread-2) [   x:bc_data_v1] o.a.s.c.SolrConfig Couldn't add files from D:\Documents\Data_Science\MDS_CL\capstone_project\bcdc-search-improvement-capstone\solr\contrib\clustering\lib filtered by .*\.jar to classpath: D:\Documents\Data_Science\MDS_CL\capstone_project\bcdc-search-improvement-capstone\solr\contrib\clustering\lib
2023-07-03 04:50:43.346 WARN  (coreLoadExecutor-6-thread-1) [   x:bc-data_7-cols_multi-qa-mpnet-base-dot-v1] o.a.s.c.SolrConfig Couldn't add files from D:\Documents\Data_Science\MDS_CL\capstone_project\bcdc-search-improvement-capstone\solr\contrib\langid\lib filtered by .*\.jar to classpath: D:\Documents\Data_Science\MDS_CL\capstone_project\bcdc-search-improvement-capstone\solr\contrib\langid\lib
2023-07-03 04:50:43.346 WARN  (coreLoadExecutor-6-thread-2) [   x:bc_data_v1] o.a.s.c.SolrConfig Couldn't add files from D:\Documents\Data_Science\MDS_CL\capstone_project\bcdc-search-improvement-capstone\solr\contrib\langid\lib filtered by .*\.jar to classpath: D:\Documents\Data_Science\MDS_CL\capstone_project\bcdc-search-improvement-capstone\solr\contrib\langid\lib
2023-07-03 04:50:43.346 WARN  (coreLoadExecutor-6-thread-1) [   x:bc-data_7-cols_multi-qa-mpnet-base-dot-v1] o.a.s.c.SolrConfig Couldn't add files from D:\Documents\Data_Science\MDS_CL\capstone_project\bcdc-search-improvement-capstone\solr\contrib\velocity\lib filtered by .*\.jar to classpath: D:\Documents\Data_Science\MDS_CL\capstone_project\bcdc-search-improvement-capstone\solr\contrib\velocity\lib
2023-07-03 04:50:43.346 WARN  (coreLoadExecutor-6-thread-2) [   x:bc_data_v1] o.a.s.c.SolrConfig Couldn't add files from D:\Documents\Data_Science\MDS_CL\capstone_project\bcdc-search-improvement-capstone\solr\contrib\velocity\lib filtered by .*\.jar to classpath: D:\Documents\Data_Science\MDS_CL\capstone_project\bcdc-search-improvement-capstone\solr\contrib\velocity\lib
2023-07-03 04:50:43.346 INFO  (coreLoadExecutor-6-thread-1) [   x:bc-data_7-cols_multi-qa-mpnet-base-dot-v1] o.a.s.c.SolrResourceLoader [bc-data_7-cols_multi-qa-mpnet-base-dot-v1] Added 4 libs to classloader, from paths: [/D:/Documents/Data_Science/MDS_CL/capstone_project/bcdc-search-improvement-capstone/solr/dist]
2023-07-03 04:50:43.346 INFO  (coreLoadExecutor-6-thread-2) [   x:bc_data_v1] o.a.s.c.SolrResourceLoader [bc_data_v1] Added 5 libs to classloader, from paths: [/D:/Documents/Data_Science/MDS_CL/capstone_project/bcdc-search-improvement-capstone/solr/dist, /D:/Documents/Data_Science/MDS_CL/capstone_project/bcdc-search-improvement-capstone/solr/dist/plugins]
2023-07-03 04:50:43.425 INFO  (coreLoadExecutor-6-thread-1) [   x:bc-data_7-cols_multi-qa-mpnet-base-dot-v1] o.a.s.c.SolrConfig Using Lucene MatchVersion: 6.6.6
2023-07-03 04:50:43.425 INFO  (coreLoadExecutor-6-thread-2) [   x:bc_data_v1] o.a.s.c.SolrConfig Using Lucene MatchVersion: 6.6.6
2023-07-03 04:50:43.519 INFO  (main) [   ] o.e.j.s.Server Started @1581ms
2023-07-03 04:50:43.535 INFO  (coreLoadExecutor-6-thread-2) [   x:bc_data_v1] o.a.s.s.IndexSchema [bc_data_v1] Schema name=example-data-driven-schema
2023-07-03 04:50:43.535 INFO  (coreLoadExecutor-6-thread-1) [   x:bc-data_7-cols_multi-qa-mpnet-base-dot-v1] o.a.s.s.IndexSchema [bc-data_7-cols_multi-qa-mpnet-base-dot-v1] Schema name=example-data-driven-schema
2023-07-03 04:50:43.818 INFO  (coreLoadExecutor-6-thread-2) [   x:bc_data_v1] o.a.s.s.IndexSchema Loaded schema example-data-driven-schema/1.6 with uniqueid field id
2023-07-03 04:50:43.818 INFO  (coreLoadExecutor-6-thread-1) [   x:bc-data_7-cols_multi-qa-mpnet-base-dot-v1] o.a.s.s.IndexSchema Loaded schema example-data-driven-schema/1.6 with uniqueid field id
2023-07-03 04:50:43.849 INFO  (coreLoadExecutor-6-thread-1) [   x:bc-data_7-cols_multi-qa-mpnet-base-dot-v1] o.a.s.c.CoreContainer Creating SolrCore 'bc-data_7-cols_multi-qa-mpnet-base-dot-v1' using configuration from instancedir D:\Documents\Data_Science\MDS_CL\capstone_project\bcdc-search-improvement-capstone\solr\server\solr\bc-data_7-cols_multi-qa-mpnet-base-dot-v1, trusted=true
2023-07-03 04:50:43.849 INFO  (qtp1791930789-27) [   ] o.a.s.s.HttpSolrCall [admin] webapp=null path=/admin/info/system params={wt=json} status=0 QTime=52
2023-07-03 04:50:43.864 INFO  (coreLoadExecutor-6-thread-2) [   x:bc_data_v1] o.a.s.c.CoreContainer Creating SolrCore 'bc_data_v1' using configuration from instancedir D:\Documents\Data_Science\MDS_CL\capstone_project\bcdc-search-improvement-capstone\solr\server\solr\bc_data_v1, trusted=true
2023-07-03 04:50:43.864 INFO  (coreLoadExecutor-6-thread-1) [   x:bc-data_7-cols_multi-qa-mpnet-base-dot-v1] o.a.s.c.SolrCore solr.RecoveryStrategy.Builder
2023-07-03 04:50:43.864 INFO  (coreLoadExecutor-6-thread-2) [   x:bc_data_v1] o.a.s.c.SolrCore solr.RecoveryStrategy.Builder
2023-07-03 04:50:43.880 INFO  (coreLoadExecutor-6-thread-1) [   x:bc-data_7-cols_multi-qa-mpnet-base-dot-v1] o.a.s.c.SolrCore [[bc-data_7-cols_multi-qa-mpnet-base-dot-v1] ] Opening new SolrCore at [D:\Documents\Data_Science\MDS_CL\capstone_project\bcdc-search-improvement-capstone\solr\server\solr\bc-data_7-cols_multi-qa-mpnet-base-dot-v1], dataDir=[D:\Documents\Data_Science\MDS_CL\capstone_project\bcdc-search-improvement-capstone\solr\server\solr\bc-data_7-cols_multi-qa-mpnet-base-dot-v1\data\]
2023-07-03 04:50:43.880 INFO  (coreLoadExecutor-6-thread-2) [   x:bc_data_v1] o.a.s.c.SolrCore [[bc_data_v1] ] Opening new SolrCore at [D:\Documents\Data_Science\MDS_CL\capstone_project\bcdc-search-improvement-capstone\solr\server\solr\bc_data_v1], dataDir=[D:\Documents\Data_Science\MDS_CL\capstone_project\bcdc-search-improvement-capstone\solr\server\solr\bc_data_v1\data\]
2023-07-03 04:50:43.896 INFO  (coreLoadExecutor-6-thread-1) [   x:bc-data_7-cols_multi-qa-mpnet-base-dot-v1] o.a.s.r.XSLTResponseWriter xsltCacheLifetimeSeconds=5
2023-07-03 04:50:43.896 INFO  (coreLoadExecutor-6-thread-2) [   x:bc_data_v1] o.a.s.r.XSLTResponseWriter xsltCacheLifetimeSeconds=5
2023-07-03 04:50:44.094 INFO  (coreLoadExecutor-6-thread-1) [   x:bc-data_7-cols_multi-qa-mpnet-base-dot-v1] o.a.s.u.UpdateHandler Using UpdateLog implementation: org.apache.solr.update.UpdateLog
2023-07-03 04:50:44.094 INFO  (coreLoadExecutor-6-thread-2) [   x:bc_data_v1] o.a.s.u.UpdateHandler Using UpdateLog implementation: org.apache.solr.update.UpdateLog
2023-07-03 04:50:44.094 INFO  (coreLoadExecutor-6-thread-2) [   x:bc_data_v1] o.a.s.u.UpdateLog Initializing UpdateLog: dataDir= defaultSyncLevel=FLUSH numRecordsToKeep=100 maxNumLogsToKeep=10 numVersionBuckets=65536
2023-07-03 04:50:44.094 INFO  (coreLoadExecutor-6-thread-1) [   x:bc-data_7-cols_multi-qa-mpnet-base-dot-v1] o.a.s.u.UpdateLog Initializing UpdateLog: dataDir= defaultSyncLevel=FLUSH numRecordsToKeep=100 maxNumLogsToKeep=10 numVersionBuckets=65536
2023-07-03 04:50:44.119 INFO  (coreLoadExecutor-6-thread-1) [   x:bc-data_7-cols_multi-qa-mpnet-base-dot-v1] o.a.s.u.CommitTracker Hard AutoCommit: if uncommited for 15000ms; 
2023-07-03 04:50:44.119 INFO  (coreLoadExecutor-6-thread-2) [   x:bc_data_v1] o.a.s.u.CommitTracker Hard AutoCommit: if uncommited for 15000ms; 
2023-07-03 04:50:44.119 INFO  (coreLoadExecutor-6-thread-1) [   x:bc-data_7-cols_multi-qa-mpnet-base-dot-v1] o.a.s.u.CommitTracker Soft AutoCommit: disabled
2023-07-03 04:50:44.119 INFO  (coreLoadExecutor-6-thread-2) [   x:bc_data_v1] o.a.s.u.CommitTracker Soft AutoCommit: disabled
2023-07-03 04:50:44.197 INFO  (coreLoadExecutor-6-thread-1) [   x:bc-data_7-cols_multi-qa-mpnet-base-dot-v1] o.a.s.s.SolrIndexSearcher Opening [Searcher@14d57cfc[bc-data_7-cols_multi-qa-mpnet-base-dot-v1] main]
2023-07-03 04:50:44.197 INFO  (coreLoadExecutor-6-thread-2) [   x:bc_data_v1] o.a.s.s.SolrIndexSearcher Opening [Searcher@731f7100[bc_data_v1] main]
2023-07-03 04:50:44.197 INFO  (coreLoadExecutor-6-thread-2) [   x:bc_data_v1] o.a.s.r.ManagedResourceStorage File-based storage initialized to use dir: D:\Documents\Data_Science\MDS_CL\capstone_project\bcdc-search-improvement-capstone\solr\server\solr\bc_data_v1\conf
2023-07-03 04:50:44.197 INFO  (coreLoadExecutor-6-thread-1) [   x:bc-data_7-cols_multi-qa-mpnet-base-dot-v1] o.a.s.r.ManagedResourceStorage File-based storage initialized to use dir: D:\Documents\Data_Science\MDS_CL\capstone_project\bcdc-search-improvement-capstone\solr\server\solr\bc-data_7-cols_multi-qa-mpnet-base-dot-v1\conf
2023-07-03 04:50:44.213 INFO  (coreLoadExecutor-6-thread-2) [   x:bc_data_v1] o.a.s.h.c.SpellCheckComponent Initializing spell checkers
2023-07-03 04:50:44.213 INFO  (coreLoadExecutor-6-thread-1) [   x:bc-data_7-cols_multi-qa-mpnet-base-dot-v1] o.a.s.h.c.SpellCheckComponent Initializing spell checkers
2023-07-03 04:50:44.213 INFO  (coreLoadExecutor-6-thread-2) [   x:bc_data_v1] o.a.s.s.DirectSolrSpellChecker init: {name=default,field=_text_,classname=solr.DirectSolrSpellChecker,distanceMeasure=internal,accuracy=0.5,maxEdits=2,minPrefix=1,maxInspections=5,minQueryLength=4,maxQueryFrequency=0.01}
2023-07-03 04:50:44.213 INFO  (coreLoadExecutor-6-thread-1) [   x:bc-data_7-cols_multi-qa-mpnet-base-dot-v1] o.a.s.s.DirectSolrSpellChecker init: {name=default,field=_text_,classname=solr.DirectSolrSpellChecker,distanceMeasure=internal,accuracy=0.5,maxEdits=2,minPrefix=1,maxInspections=5,minQueryLength=4,maxQueryFrequency=0.01}
2023-07-03 04:50:44.213 INFO  (coreLoadExecutor-6-thread-2) [   x:bc_data_v1] o.a.s.h.c.QueryElevationComponent Loading QueryElevation from: D:\Documents\Data_Science\MDS_CL\capstone_project\bcdc-search-improvement-capstone\solr\server\solr\bc_data_v1\conf\elevate.xml
2023-07-03 04:50:44.213 INFO  (coreLoadExecutor-6-thread-1) [   x:bc-data_7-cols_multi-qa-mpnet-base-dot-v1] o.a.s.h.c.QueryElevationComponent Loading QueryElevation from: D:\Documents\Data_Science\MDS_CL\capstone_project\bcdc-search-improvement-capstone\solr\server\solr\bc-data_7-cols_multi-qa-mpnet-base-dot-v1\conf\elevate.xml
2023-07-03 04:50:44.228 INFO  (coreLoadExecutor-6-thread-1) [   x:bc-data_7-cols_multi-qa-mpnet-base-dot-v1] o.a.s.h.ReplicationHandler Commits will be reserved for  10000
2023-07-03 04:50:44.228 INFO  (coreLoadExecutor-6-thread-2) [   x:bc_data_v1] o.a.s.h.ReplicationHandler Commits will be reserved for  10000
2023-07-03 04:50:44.244 INFO  (searcherExecutor-8-thread-1-processing-x:bc-data_7-cols_multi-qa-mpnet-base-dot-v1) [   x:bc-data_7-cols_multi-qa-mpnet-base-dot-v1] o.a.s.c.QuerySenderListener QuerySenderListener sending requests to Searcher@14d57cfc[bc-data_7-cols_multi-qa-mpnet-base-dot-v1] main{ExitableDirectoryReader(UninvertingDirectoryReader(Uninverting(_0(6.6.6):C1142) Uninverting(_1(6.6.6):C1146) Uninverting(_2(6.6.6):C908)))}
2023-07-03 04:50:44.244 INFO  (searcherExecutor-7-thread-1-processing-x:bc_data_v1) [   x:bc_data_v1] o.a.s.c.QuerySenderListener QuerySenderListener sending requests to Searcher@731f7100[bc_data_v1] main{ExitableDirectoryReader(UninvertingDirectoryReader(Uninverting(_0(6.6.6):C2694) Uninverting(_1(6.6.6):C502)))}
2023-07-03 04:50:44.244 INFO  (searcherExecutor-8-thread-1-processing-x:bc-data_7-cols_multi-qa-mpnet-base-dot-v1) [   x:bc-data_7-cols_multi-qa-mpnet-base-dot-v1] o.a.s.c.QuerySenderListener QuerySenderListener done.
2023-07-03 04:50:44.244 INFO  (searcherExecutor-7-thread-1-processing-x:bc_data_v1) [   x:bc_data_v1] o.a.s.c.QuerySenderListener QuerySenderListener done.
2023-07-03 04:50:44.244 INFO  (searcherExecutor-8-thread-1-processing-x:bc-data_7-cols_multi-qa-mpnet-base-dot-v1) [   x:bc-data_7-cols_multi-qa-mpnet-base-dot-v1] o.a.s.h.c.SpellCheckComponent Loading spell index for spellchecker: default
2023-07-03 04:50:44.244 INFO  (searcherExecutor-7-thread-1-processing-x:bc_data_v1) [   x:bc_data_v1] o.a.s.h.c.SpellCheckComponent Loading spell index for spellchecker: default
2023-07-03 04:50:44.244 INFO  (searcherExecutor-7-thread-1-processing-x:bc_data_v1) [   x:bc_data_v1] o.a.s.c.SolrCore [bc_data_v1] Registered new searcher Searcher@731f7100[bc_data_v1] main{ExitableDirectoryReader(UninvertingDirectoryReader(Uninverting(_0(6.6.6):C2694) Uninverting(_1(6.6.6):C502)))}
2023-07-03 04:50:44.244 INFO  (searcherExecutor-8-thread-1-processing-x:bc-data_7-cols_multi-qa-mpnet-base-dot-v1) [   x:bc-data_7-cols_multi-qa-mpnet-base-dot-v1] o.a.s.c.SolrCore [bc-data_7-cols_multi-qa-mpnet-base-dot-v1] Registered new searcher Searcher@14d57cfc[bc-data_7-cols_multi-qa-mpnet-base-dot-v1] main{ExitableDirectoryReader(UninvertingDirectoryReader(Uninverting(_0(6.6.6):C1142) Uninverting(_1(6.6.6):C1146) Uninverting(_2(6.6.6):C908)))}
2023-07-03 04:50:54.646 INFO  (ShutdownMonitor) [   ] o.a.s.c.CoreContainer Shutting down CoreContainer instance=482082765
2023-07-03 04:50:54.646 INFO  (ShutdownMonitor) [   ] o.a.s.m.SolrMetricManager Closing metric reporters for: solr.node
2023-07-03 04:50:54.646 INFO  (ShutdownMonitor) [   ] o.a.s.m.SolrMetricManager Closing metric reporters for: solr.jvm
2023-07-03 04:50:54.646 INFO  (ShutdownMonitor) [   ] o.a.s.m.SolrMetricManager Closing metric reporters for: solr.jetty
2023-07-03 04:50:54.646 INFO  (coreCloseExecutor-17-thread-1) [   x:bc_data_v1] o.a.s.c.SolrCore [bc_data_v1]  CLOSING SolrCore org.apache.solr.core.SolrCore@5810fb55
2023-07-03 04:50:54.646 INFO  (coreCloseExecutor-17-thread-2) [   x:bc-data_7-cols_multi-qa-mpnet-base-dot-v1] o.a.s.c.SolrCore [bc-data_7-cols_multi-qa-mpnet-base-dot-v1]  CLOSING SolrCore org.apache.solr.core.SolrCore@484ae33a
2023-07-03 04:50:54.646 INFO  (coreCloseExecutor-17-thread-2) [   x:bc-data_7-cols_multi-qa-mpnet-base-dot-v1] o.a.s.m.SolrMetricManager Closing metric reporters for: solr.core.bc-data_7-cols_multi-qa-mpnet-base-dot-v1
2023-07-03 04:50:54.646 INFO  (coreCloseExecutor-17-thread-1) [   x:bc_data_v1] o.a.s.m.SolrMetricManager Closing metric reporters for: solr.core.bc_data_v1
